#-----------------------------------------------------------
# Vivado v2016.4 (64-bit)
# SW Build 1733598 on Wed Dec 14 22:35:39 MST 2016
# IP Build 1731160 on Wed Dec 14 23:47:21 MST 2016
# Start of session at: Wed Jan 31 13:22:36 2018
# Process ID: 13600
# Current directory: E:/Workspace/Vivado_16.4/2018_1_31_WS2812
# Command line: vivado.exe -gui_launcher_event rodinguilauncherevent6236 E:\Workspace\Vivado_16.4\2018_1_31_WS2812\WS2812.xpr
# Log file: E:/Workspace/Vivado_16.4/2018_1_31_WS2812/vivado.log
# Journal file: E:/Workspace/Vivado_16.4/2018_1_31_WS2812\vivado.jou
#-----------------------------------------------------------
start_gui
open_project E:/Workspace/Vivado_16.4/2018_1_31_WS2812/WS2812.xpr
Scanning sources...
Finished scanning sources
INFO: [IP_Flow 19-234] Refreshing IP repositories
INFO: [IP_Flow 19-1704] No user IP repositories specified
INFO: [IP_Flow 19-2313] Loaded Vivado IP repository 'E:/Softwares/Vivado/Vivado/2016.4/data/ip'.
exit
INFO: [Common 17-206] Exiting Vivado at Wed Jan 31 13:23:23 2018...
